<?xml version="1.0" encoding="UTF-8" ?>
<testsuite tests="4" failures="0" name="pizza.spring.service.CommandeServiceTest" time="2.156" errors="0" skipped="0">
  <properties>
[...]
</properties>
  <testcase classname="pizza.spring.service.CommandeServiceTest" name="commander_positionne_le_nom_et_le_telephone" time="2.137"/>
  <testcase classname="pizza.spring.service.CommandeServiceTest" name="commander_cree_une_commande_en_attente_avec_une_date" time="0"/>
  <testcase classname="pizza.spring.service.CommandeServiceTest" name="commander_ajoute_une_pizza_dans_la_commande" time="0.009"/>
  <testcase classname="pizza.spring.service.CommandeServiceTest" name="commander_sauve_la_commande" time="0.01"/>
</testsuite>